1645704860.269585 client started (2299): version 3.1c, socket /tmp/tmux-1000/default, protocol 8
1645704860.269607 on Linux 5.4.72-microsoft-standard-WSL2 #1 SMP Wed Oct 28 23:40:43 UTC 2020; libevent 2.1.12-stable (poll)
1645704860.269618 socket is /tmp/tmux-1000/default
1645704860.269626 trying connect
1645704860.269675 add peer 0x55e40d4048b0: 6 ((nil))
1645704860.269719 sending message 100 to peer 0x55e40d4048b0 (4 bytes)
1645704860.269725 sending message 101 to peer 0x55e40d4048b0 (16 bytes)
1645704860.269728 sending message 102 to peer 0x55e40d4048b0 (11 bytes)
1645704860.269731 sending message 108 to peer 0x55e40d4048b0 (45 bytes)
1645704860.269734 sending message 104 to peer 0x55e40d4048b0 (0 bytes)
1645704860.269737 sending message 107 to peer 0x55e40d4048b0 (4 bytes)
1645704860.269740 sending message 105 to peer 0x55e40d4048b0 (16 bytes)
1645704860.269744 sending message 105 to peer 0x55e40d4048b0 (16 bytes)
1645704860.269747 sending message 105 to peer 0x55e40d4048b0 (17 bytes)
1645704860.269751 sending message 105 to peer 0x55e40d4048b0 (13 bytes)
1645704860.269753 sending message 105 to peer 0x55e40d4048b0 (21 bytes)
1645704860.269756 sending message 105 to peer 0x55e40d4048b0 (34 bytes)
1645704860.269759 sending message 105 to peer 0x55e40d4048b0 (37 bytes)
1645704860.269763 sending message 105 to peer 0x55e40d4048b0 (1581 bytes)
1645704860.269770 sending message 105 to peer 0x55e40d4048b0 (49 bytes)
1645704860.269773 sending message 105 to peer 0x55e40d4048b0 (20 bytes)
1645704860.269777 sending message 105 to peer 0x55e40d4048b0 (8 bytes)
1645704860.269779 sending message 105 to peer 0x55e40d4048b0 (21 bytes)
1645704860.269782 sending message 105 to peer 0x55e40d4048b0 (34 bytes)
1645704860.269785 sending message 105 to peer 0x55e40d4048b0 (13 bytes)
1645704860.269788 sending message 105 to peer 0x55e40d4048b0 (51 bytes)
1645704860.269791 sending message 105 to peer 0x55e40d4048b0 (10 bytes)
1645704860.269794 sending message 105 to peer 0x55e40d4048b0 (8 bytes)
1645704860.269797 sending message 105 to peer 0x55e40d4048b0 (23 bytes)
1645704860.269800 sending message 105 to peer 0x55e40d4048b0 (33 bytes)
1645704860.269804 sending message 106 to peer 0x55e40d4048b0 (0 bytes)
1645704860.269807 sending message 200 to peer 0x55e40d4048b0 (4 bytes)
1645704860.269809 client loop enter
1645704860.270075 peer 0x55e40d4048b0 message 303
1645704860.270099 open write file 2 -
1645704860.270108 sending message 305 to peer 0x55e40d4048b0 (8 bytes)
1645704860.270198 peer 0x55e40d4048b0 message 304
1645704860.270219 write 58 to file 2
1645704860.270225 peer 0x55e40d4048b0 message 203
1645704860.270228 file 2 58 bytes left
1645704860.270251 client loop exit
